loaded df
loaded graphs
7 cocitation_jaccard2 [0, 0, 0.0, 0.3333333333333333, 0.3333333333333333, 0.3333333333333333, 0]
skipped
7 cocitation_jaccard2 [0, 0, 0.125, 0.2916666666666667, 0.2916666666666667, 0.2916666666666667, 0]
skipped
7 cocitation_jaccard2 [0, 0, 0.25, 0.25, 0.25, 0.25, 0]
skipped
7 cocitation_jaccard2 [0, 0, 0.375, 0.20833333333333334, 0.20833333333333334, 0.20833333333333334, 0]
skipped
7 cocitation_jaccard2 [0, 0, 0.5, 0.16666666666666666, 0.16666666666666666, 0.16666666666666666, 0]
skipped
7 cocitation_jaccard2 [0, 0, 0.625, 0.125, 0.125, 0.125, 0]
skipped
7 cocitation_jaccard2 [0, 0, 0.75, 0.08333333333333333, 0.08333333333333333, 0.08333333333333333, 0]
skipped
7 cocitation_jaccard2 [0, 0, 0.875, 0.041666666666666664, 0.041666666666666664, 0.041666666666666664, 0]
skipped
7 cocitation_jaccard2 [0, 0, 1.0, 0.0, 0.0, 0.0, 0]
skipped
7 cocitation_frequency3 [0, 0, 0.3333333333333333, 0.0, 0.3333333333333333, 0.3333333333333333, 0]
skipped
7 cocitation_frequency3 [0, 0, 0.2916666666666667, 0.125, 0.2916666666666667, 0.2916666666666667, 0]
skipped
7 cocitation_frequency3 [0, 0, 0.25, 0.25, 0.25, 0.25, 0]
skipped
7 cocitation_frequency3 [0, 0, 0.20833333333333334, 0.375, 0.20833333333333334, 0.20833333333333334, 0]
skipped
7 cocitation_frequency3 [0, 0, 0.16666666666666666, 0.5, 0.16666666666666666, 0.16666666666666666, 0]
skipped
7 cocitation_frequency3 [0, 0, 0.125, 0.625, 0.125, 0.125, 0]
skipped
7 cocitation_frequency3 [0, 0, 0.08333333333333333, 0.75, 0.08333333333333333, 0.08333333333333333, 0]
skipped
7 cocitation_frequency3 [0, 0, 0.041666666666666664, 0.875, 0.041666666666666664, 0.041666666666666664, 0]
skipped
7 cocitation_frequency3 [0, 0, 0.0, 1.0, 0.0, 0.0, 0]
skipped
7 bib_jaccard4 [0, 0, 0.3333333333333333, 0.3333333333333333, 0.0, 0.3333333333333333, 0]
skipped
7 bib_jaccard4 [0, 0, 0.2916666666666667, 0.2916666666666667, 0.125, 0.2916666666666667, 0]
skipped
7 bib_jaccard4 [0, 0, 0.25, 0.25, 0.25, 0.25, 0]
skipped
7 bib_jaccard4 [0, 0, 0.20833333333333334, 0.20833333333333334, 0.375, 0.20833333333333334, 0]
skipped
7 bib_jaccard4 [0, 0, 0.16666666666666666, 0.16666666666666666, 0.5, 0.16666666666666666, 0]
skipped
7 bib_jaccard4 [0, 0, 0.125, 0.125, 0.625, 0.125, 0]
skipped
7 bib_jaccard4 [0, 0, 0.08333333333333333, 0.08333333333333333, 0.75, 0.08333333333333333, 0]
skipped
7 bib_jaccard4 [0, 0, 0.041666666666666664, 0.041666666666666664, 0.875, 0.041666666666666664, 0]
skipped
7 bib_jaccard4 [0, 0, 0.0, 0.0, 1.0, 0.0, 0]
skipped
7 bib_frequency5 [0, 0, 0.3333333333333333, 0.3333333333333333, 0.3333333333333333, 0.0, 0]
skipped
7 bib_frequency5 [0, 0, 0.2916666666666667, 0.2916666666666667, 0.2916666666666667, 0.125, 0]
skipped
7 bib_frequency5 [0, 0, 0.25, 0.25, 0.25, 0.25, 0]
skipped
7 bib_frequency5 [0, 0, 0.20833333333333334, 0.20833333333333334, 0.20833333333333334, 0.375, 0]
INFO: Pandarallel will run on 32 workers.
INFO: Pandarallel will use Memory file system to transfer data between the main process and workers.
weights calculated 222.9606740474701
clustering 498.1594440937042
clustered 498.15958070755005
cpm1 862.8896026611328
cpm10 2.527740478515625

7 bib_frequency5 [0, 0, 0.16666666666666666, 0.16666666666666666, 0.16666666666666666, 0.5, 0]
INFO: Pandarallel will run on 32 workers.
INFO: Pandarallel will use Memory file system to transfer data between the main process and workers.
