loaded df
loaded graphs
7 cocitation_jaccard2 [0, 0, 0.0, 0.3333333333333333, 0.3333333333333333, 0.3333333333333333, 0]
skipped
7 cocitation_jaccard2 [0, 0, 0.125, 0.2916666666666667, 0.2916666666666667, 0.2916666666666667, 0]
INFO: Pandarallel will run on 32 workers.
INFO: Pandarallel will use Memory file system to transfer data between the main process and workers.
weights calculated 211.4400610923767
clustering 492.7239565849304
clustered 492.7240915298462
cpm1 1160.1719152927399
cpm10 4.631289720535278

7 cocitation_jaccard2 [0, 0, 0.25, 0.25, 0.25, 0.25, 0]
INFO: Pandarallel will run on 32 workers.
INFO: Pandarallel will use Memory file system to transfer data between the main process and workers.
weights calculated 190.55558037757874
clustering 590.4808292388916
clustered 590.4810264110565
cpm1 1147.2916643619537
cpm10 4.451338291168213

7 cocitation_jaccard2 [0, 0, 0.375, 0.20833333333333334, 0.20833333333333334, 0.20833333333333334, 0]
INFO: Pandarallel will run on 32 workers.
INFO: Pandarallel will use Memory file system to transfer data between the main process and workers.
weights calculated 162.23510074615479
clustering 588.8530704975128
clustered 588.8533101081848
cpm1 1027.7513828277588
cpm10 4.288965463638306

7 cocitation_jaccard2 [0, 0, 0.5, 0.16666666666666666, 0.16666666666666666, 0.16666666666666666, 0]
INFO: Pandarallel will run on 32 workers.
INFO: Pandarallel will use Memory file system to transfer data between the main process and workers.
weights calculated 130.87876343727112
clustering 519.9960641860962
clustered 519.9963603019714
cpm1 1119.0653071403503
cpm10 4.1600892543792725

7 cocitation_jaccard2 [0, 0, 0.625, 0.125, 0.125, 0.125, 0]
INFO: Pandarallel will run on 32 workers.
INFO: Pandarallel will use Memory file system to transfer data between the main process and workers.
weights calculated 97.87128233909607
clustering 647.735999584198
clustered 647.7362642288208
cpm1 1220.569403886795
cpm10 4.3539183139801025

7 cocitation_jaccard2 [0, 0, 0.75, 0.08333333333333333, 0.08333333333333333, 0.08333333333333333, 0]
INFO: Pandarallel will run on 32 workers.
INFO: Pandarallel will use Memory file system to transfer data between the main process and workers.
weights calculated 99.22640872001648
clustering 664.7489330768585
clustered 664.7493574619293
cpm1 1282.4350833892822
cpm10 4.423159122467041

7 cocitation_jaccard2 [0, 0, 0.875, 0.041666666666666664, 0.041666666666666664, 0.041666666666666664, 0]
INFO: Pandarallel will run on 32 workers.
INFO: Pandarallel will use Memory file system to transfer data between the main process and workers.
weights calculated 221.10493540763855
clustering 650.3933119773865
clustered 650.3940138816833
cpm1 1238.2361867427826
cpm10 238.82942080497742

7 cocitation_jaccard2 [0, 0, 1.0, 0.0, 0.0, 0.0, 0]
INFO: Pandarallel will run on 32 workers.
INFO: Pandarallel will use Memory file system to transfer data between the main process and workers.
weights calculated 98.77883529663086
clustering 608.8350377082825
clustered 608.8352937698364
